<?xml version="1.0" encoding="UTF-8"?>
<!-- Generated by org.testng.reporters.JUnitReportReporter -->
<testsuite skipped="0" hostname="PILLAIs-MBP.local" name="epam.OtherFunctions" tests="1" failures="0" timestamp="07 Jan 2021 13:58:25 GMT" time="14.122" errors="0">
  <testcase name="windowOperations" time="14.122" classname="epam.OtherFunctions"/>
</testsuite> <!-- epam.OtherFunctions -->
