<?xml version="1.0" encoding="UTF-8"?>
<!-- Generated by org.testng.reporters.JUnitReportReporter -->
<testsuite skipped="0" hostname="PILLAIs-MBP.local" name="epam.HomePage" tests="1" failures="0" timestamp="03 Jan 2021 19:58:49 GMT" time="12.192" errors="0">
  <testcase name="basePageNavigation" time="12.192" classname="epam.HomePage"/>
</testsuite> <!-- epam.HomePage -->
