<?xml version="1.0" encoding="UTF-8"?>
<!-- Generated by org.testng.reporters.JUnitReportReporter -->
<testsuite skipped="0" hostname="PILLAIs-MBP.local" name="epam.FaceBookHome" tests="3" failures="0" timestamp="07 Jan 2021 13:58:25 GMT" time="28.453" errors="0">
  <testcase name="basePageNavigation" time="10.397" classname="epam.FaceBookHome"/>
  <testcase name="basePageNavigation" time="8.554" classname="epam.FaceBookHome"/>
  <testcase name="basePageNavigation" time="9.502" classname="epam.FaceBookHome"/>
</testsuite> <!-- epam.FaceBookHome -->
