<?xml version="1.0" encoding="UTF-8"?>
<!-- Generated by org.testng.reporters.JUnitReportReporter -->
<testsuite skipped="0" hostname="PILLAIs-MBP.local" name="epam.AppTest" tests="1" failures="0" timestamp="04 Jan 2021 11:41:39 GMT" time="0.023" errors="0">
  <testcase name="shouldAnswerWithTrue" time="0.023" classname="epam.AppTest"/>
</testsuite> <!-- epam.AppTest -->
